0 info it worked if it ends with ok
1 verbose cli [ 'D:\\Program Files\\nodejs\\\\node.exe',
1 verbose cli   'D:\\Program Files\\nodejs\\node_modules\\npm\\bin\\npm-cli.js',
1 verbose cli   'publish' ]
2 info using npm@1.4.28
3 info using node@v0.10.32
4 verbose node symlink D:\Program Files\nodejs\\node.exe
5 verbose publish [ '.' ]
6 verbose cache add [ '.', null ]
7 verbose cache add name=undefined spec="." args=[".",null]
8 verbose parsed url { protocol: null,
8 verbose parsed url   slashes: null,
8 verbose parsed url   auth: null,
8 verbose parsed url   host: null,
8 verbose parsed url   port: null,
8 verbose parsed url   hostname: null,
8 verbose parsed url   hash: null,
8 verbose parsed url   search: null,
8 verbose parsed url   query: null,
8 verbose parsed url   pathname: '.',
8 verbose parsed url   path: '.',
8 verbose parsed url   href: '.' }
9 silly lockFile 3a52ce78- .
10 verbose lock . C:\Users\zhaojie\AppData\Roaming\npm-cache\3a52ce78-.lock
11 verbose tar pack [ 'C:\\Users\\zhaojie\\AppData\\Roaming\\npm-cache\\fseed\\1.0.0\\package.tgz',
11 verbose tar pack   '.' ]
12 verbose tarball C:\Users\zhaojie\AppData\Roaming\npm-cache\fseed\1.0.0\package.tgz
13 verbose folder .
14 info prepublish fseed@1.0.0
15 silly lockFile 1f1177db-tar tar://.
16 verbose lock tar://. C:\Users\zhaojie\AppData\Roaming\npm-cache\1f1177db-tar.lock
17 silly lockFile badd6bb6-pm-cache-fseed-1-0-0-package-tgz tar://C:\Users\zhaojie\AppData\Roaming\npm-cache\fseed\1.0.0\package.tgz
18 verbose lock tar://C:\Users\zhaojie\AppData\Roaming\npm-cache\fseed\1.0.0\package.tgz C:\Users\zhaojie\AppData\Roaming\npm-cache\badd6bb6-pm-cache-fseed-1-0-0-package-tgz.lock
19 silly lockFile 1f1177db-tar tar://.
20 silly lockFile 1f1177db-tar tar://.
21 silly lockFile badd6bb6-pm-cache-fseed-1-0-0-package-tgz tar://C:\Users\zhaojie\AppData\Roaming\npm-cache\fseed\1.0.0\package.tgz
22 silly lockFile badd6bb6-pm-cache-fseed-1-0-0-package-tgz tar://C:\Users\zhaojie\AppData\Roaming\npm-cache\fseed\1.0.0\package.tgz
23 silly lockFile d91b7f4d-ng-npm-cache-fseed-1-0-0-package C:\Users\zhaojie\AppData\Roaming\npm-cache\fseed\1.0.0\package
24 verbose lock C:\Users\zhaojie\AppData\Roaming\npm-cache\fseed\1.0.0\package C:\Users\zhaojie\AppData\Roaming\npm-cache\d91b7f4d-ng-npm-cache-fseed-1-0-0-package.lock
25 silly lockFile d91b7f4d-ng-npm-cache-fseed-1-0-0-package C:\Users\zhaojie\AppData\Roaming\npm-cache\fseed\1.0.0\package
26 silly lockFile d91b7f4d-ng-npm-cache-fseed-1-0-0-package C:\Users\zhaojie\AppData\Roaming\npm-cache\fseed\1.0.0\package
27 silly lockFile 3a52ce78- .
28 silly lockFile 3a52ce78- .
29 silly publish { name: 'fseed',
29 silly publish   version: '1.0.0',
29 silly publish   description: 'for fis',
29 silly publish   main: 'index.js',
29 silly publish   scripts: { test: 'echo "Error: no test specified" && exit 1' },
29 silly publish   keywords: [ 'fis' ],
29 silly publish   author: { name: 'zmyfujian' },
29 silly publish   license: 'BSD',
29 silly publish   dependencies: { fis: '^1.7.17', 'fis-parser-marked': '0.0.5' },
29 silly publish   readme: 'ERROR: No README data found!',
29 silly publish   readmeFilename: 'readme.md',
29 silly publish   _id: 'fseed@1.0.0',
29 silly publish   _shasum: 'cdd7c35dc533fd95b70f21e55e5c5dd12620afac',
29 silly publish   _from: '.' }
30 verbose request where is /fseed
31 verbose request registry https://registry.npmjs.org/
32 verbose request id d4d69eb1af6ce5b9
33 verbose url raw /fseed
34 verbose url resolving [ 'https://registry.npmjs.org/', './fseed' ]
35 verbose url resolved https://registry.npmjs.org/fseed
36 verbose request where is https://registry.npmjs.org/fseed
37 info trying registry request attempt 1 at 17:00:47
38 http PUT https://registry.npmjs.org/fseed
39 http 403 https://registry.npmjs.org/fseed
40 verbose headers { date: 'Mon, 29 Sep 2014 09:06:45 GMT',
40 verbose headers   server: 'CouchDB/1.5.0 (Erlang OTP/R16B03)',
40 verbose headers   'content-type': 'application/json',
40 verbose headers   'cache-control': 'max-age=60',
40 verbose headers   'content-length': '1594',
40 verbose headers   'accept-ranges': 'bytes',
40 verbose headers   via: '1.1 varnish',
40 verbose headers   'x-served-by': 'cache-ty67-TYO',
40 verbose headers   'x-cache': 'MISS',
40 verbose headers   'x-cache-hits': '0',
40 verbose headers   'x-timer': 'S1411981605.493546,VS0,VE118',
40 verbose headers   'keep-alive': 'timeout=10, max=50',
40 verbose headers   connection: 'Keep-Alive' }
41 error publish Failed PUT 403
42 error Error: forbidden cannot modify pre-existing version: 1.0.0
42 error old={"name":"fseed","version":"1.0.0","description":"for fis","main":"index.js","scripts":{"test":"echo \"Error: no test specified\" && exit 1"},"keywords":["fis"],"author":{"name":"zmyfujian"},"license":"BSD","dependencies":{"fis":"^1.7.17","fis-parser-marked":"0.0.5"},"_id":"fseed@1.0.0","_shasum":"2d812ad935dbbeaa1ea3f95d4952b4dc4772fd27","_from":".","_npmVersion":"1.4.28","_npmUser":{"name":"zmyfujian","email":"87651357@qq.com"},"maintainers":[{"name":"zmyfujian","email":"87651357@qq.com"}],"dist":{"shasum":"2d812ad935dbbeaa1ea3f95d4952b4dc4772fd27","tarball":"http://registry.npmjs.org/fseed/-/fseed-1.0.0.tgz"}}
42 error new={"name":"fseed","version":"1.0.0","description":"for fis","main":"index.js","scripts":{"test":"echo \"Error: no test specified\" && exit 1"},"keywords":["fis"],"author":{"name":"zmyfujian"},"license":"BSD","dependencies":{"fis":"^1.7.17","fis-parser-marked":"0.0.5"},"readme":"ERROR: No README data found!","readmeFilename":"readme.md","_id":"fseed@1.0.0","_shasum":"cdd7c35dc533fd95b70f21e55e5c5dd12620afac","_from":".","_npmVersion":"1.4.28","_npmUser":{"name":"zmyfujian","email":"87651357@qq.com"},"maintainers":[{"name":"zmyfujian","email":"87651357@qq.com"}],"dist":{"shasum":"cdd7c35dc533fd95b70f21e55e5c5dd12620afac","tarball":"http://registry.npmjs.org/fseed/-/fseed-1.0.0.tgz"}}: fseed
42 error     at RegClient.<anonymous> (D:\Program Files\nodejs\node_modules\npm\node_modules\npm-registry-client\lib\request.js:308:14)
42 error     at Request._callback (D:\Program Files\nodejs\node_modules\npm\node_modules\npm-registry-client\lib\request.js:246:65)
42 error     at Request.self.callback (D:\Program Files\nodejs\node_modules\npm\node_modules\request\request.js:236:22)
42 error     at Request.emit (events.js:98:17)
42 error     at Request.<anonymous> (D:\Program Files\nodejs\node_modules\npm\node_modules\request\request.js:1142:14)
42 error     at Request.emit (events.js:117:20)
42 error     at IncomingMessage.<anonymous> (D:\Program Files\nodejs\node_modules\npm\node_modules\request\request.js:1096:12)
42 error     at IncomingMessage.emit (events.js:117:20)
42 error     at _stream_readable.js:943:16
42 error     at process._tickCallback (node.js:419:13)
43 error If you need help, you may report this *entire* log,
43 error including the npm and node versions, at:
43 error     <http://github.com/npm/npm/issues>
44 error System Windows_NT 6.1.7601
45 error command "D:\\Program Files\\nodejs\\\\node.exe" "D:\\Program Files\\nodejs\\node_modules\\npm\\bin\\npm-cli.js" "publish"
46 error cwd E:\zmy\f2e-factory\apps\fseed\fseed-2
47 error node -v v0.10.32
48 error npm -v 1.4.28
49 verbose exit [ 1, true ]
